2023-06-08 22:33:58,864 DEBUG [mondrian.sql] 0: SqlStatisticsProvider.getTableCardinality: executing sql [select count(*) from "DB_2631075"."AGG_WSA994_FACTTABLE"]
2023-06-08 22:33:58,910 DEBUG [mondrian.sql] 0: , exec 42 ms
2023-06-08 22:33:58,910 DEBUG [mondrian.sql] 0: , exec+fetch 45 ms, 1 rows
2023-06-08 22:33:58,911 DEBUG [mondrian.sql] 1: AggStar.FactTable.makeNumberOfRows: executing sql [
select
    count(*) as "c0"
from
    "DB_2631075"."AGG_WSA994_FACTTABLE" "AGG_WSA994_FACTTABLE"]
2023-06-08 22:33:58,950 DEBUG [mondrian.sql] 1: , exec 37 ms
2023-06-08 22:33:58,950 DEBUG [mondrian.sql] 1: , exec+fetch 38 ms, 1 rows
2023-06-08 22:34:14,456 DEBUG [mondrian.sql] 2: SqlTupleReader.readTuples [[Customer.CUSTOMER_AS_OF].[Customer_AS_OF]]: executing sql [
select
    "CUSTOMER_AS_OF"."COUNTRY_ID" as "c0",
    "CUSTOMER_AS_OF"."SALESORG_ID" as "c1",
    "CUSTOMER_AS_OF"."SALESORG_DESC" as "c2",
    "CUSTOMER_AS_OF"."CITY_DESC" as "c3",
    "CUSTOMER_AS_OF"."CUSTOMER_ID" as "c4",
    "CUSTOMER_AS_OF"."CUSTOMER_DESC" as "c5"
from
    (select * from WSA994_CUSTOMER where to_date('2015-05-28','yyyy-MM-dd') between VALID_FROM and VALID_TO) "CUSTOMER_AS_OF"
group by
    "CUSTOMER_AS_OF"."COUNTRY_ID",
    "CUSTOMER_AS_OF"."SALESORG_ID",
    "CUSTOMER_AS_OF"."SALESORG_DESC",
    "CUSTOMER_AS_OF"."CITY_DESC",
    "CUSTOMER_AS_OF"."CUSTOMER_ID",
    "CUSTOMER_AS_OF"."CUSTOMER_DESC"
order by
    "CUSTOMER_AS_OF"."COUNTRY_ID" ASC NULLS LAST,
    "CUSTOMER_AS_OF"."SALESORG_ID" ASC NULLS LAST,
    "CUSTOMER_AS_OF"."CITY_DESC" ASC NULLS LAST,
    "CUSTOMER_AS_OF"."CUSTOMER_ID" ASC NULLS LAST]
2023-06-08 22:34:14,499 DEBUG [mondrian.sql] 2: , exec 41 ms
2023-06-08 22:34:14,578 DEBUG [mondrian.sql] 2: , exec+fetch 120 ms, 24 rows
2023-06-08 22:34:14,599 DEBUG [mondrian.sql] 3: SqlStatisticsProvider.getQueryCardinality: executing sql [
select count(*) from (select distinct
    "CUSTOMER_AS_OF"."CUSTOMER_ID" as "c0"
from
    (select * from WSA994_CUSTOMER where to_date('2015-05-28','yyyy-MM-dd') between VALID_FROM and VALID_TO) "CUSTOMER_AS_OF")]
2023-06-08 22:34:14,637 DEBUG [mondrian.sql] 3: , exec 38 ms
2023-06-08 22:34:14,637 DEBUG [mondrian.sql] 3: , exec+fetch 38 ms, 1 rows
2023-06-08 22:34:14,663 DEBUG [mondrian.sql] 4: Segment.load: executing sql [
select
    "CUSTOMER_AS_OF"."CUSTOMER_ID" as "c0",
    sum("WSA994_FACTTABLE"."FT_REVENUEUSD") as "m0",
    sum("WSA994_FACTTABLE"."FT_DISCOUNTUSD") as "m1",
    sum("WSA994_FACTTABLE"."FT_COGMUSD") as "m2",
    sum("WSA994_FACTTABLE"."FT_SALESQUANTITY") as "m3",
    sum("WSA994_FACTTABLE"."FT_NOOFSALESORDERS") as "m4",
    sum("WSA994_FACTTABLE"."FT_NETSALESUSD") as "m5",
    sum("WSA994_FACTTABLE"."FT_REVENUEEUR") as "m6"
from
    (select * from WSA994_CUSTOMER where to_date('2015-05-28','yyyy-MM-dd') between VALID_FROM and VALID_TO) "CUSTOMER_AS_OF",
    "DB_2631075"."WSA994_FACTTABLE" "WSA994_FACTTABLE"
where
    "WSA994_FACTTABLE"."FT_CUSTOMER_ID" = "CUSTOMER_AS_OF"."CUSTOMER_ID"
group by
    "CUSTOMER_AS_OF"."CUSTOMER_ID"]
2023-06-08 22:34:14,766 DEBUG [mondrian.sql] 4: , exec 103 ms
2023-06-08 22:34:14,849 DEBUG [mondrian.sql] 4: , exec+fetch 186 ms, 24 rows
2023-06-08 22:34:15,307 DEBUG [mondrian.sql] 5: SqlTupleReader.readTuples [[Customer.CUSTOMER_AS_OF].[City_AS_OF]]: executing sql [
select
    "CUSTOMER_AS_OF"."COUNTRY_ID" as "c0",
    "CUSTOMER_AS_OF"."SALESORG_ID" as "c1",
    "CUSTOMER_AS_OF"."SALESORG_DESC" as "c2",
    "CUSTOMER_AS_OF"."CITY_DESC" as "c3"
from
    (select * from WSA994_CUSTOMER where to_date('2015-05-28','yyyy-MM-dd') between VALID_FROM and VALID_TO) "CUSTOMER_AS_OF"
group by
    "CUSTOMER_AS_OF"."COUNTRY_ID",
    "CUSTOMER_AS_OF"."SALESORG_ID",
    "CUSTOMER_AS_OF"."SALESORG_DESC",
    "CUSTOMER_AS_OF"."CITY_DESC"
order by
    "CUSTOMER_AS_OF"."COUNTRY_ID" ASC NULLS LAST,
    "CUSTOMER_AS_OF"."SALESORG_ID" ASC NULLS LAST,
    "CUSTOMER_AS_OF"."CITY_DESC" ASC NULLS LAST]
2023-06-08 22:34:15,345 DEBUG [mondrian.sql] 5: , exec 38 ms
2023-06-08 22:34:15,419 DEBUG [mondrian.sql] 5: , exec+fetch 112 ms, 23 rows
2023-06-08 22:34:15,426 DEBUG [mondrian.sql] 6: SqlStatisticsProvider.getQueryCardinality: executing sql [
select count(*) from (select distinct
    "CUSTOMER_AS_OF"."COUNTRY_ID" as "c0"
from
    (select * from WSA994_CUSTOMER where to_date('2015-05-28','yyyy-MM-dd') between VALID_FROM and VALID_TO) "CUSTOMER_AS_OF")]
2023-06-08 22:34:15,465 DEBUG [mondrian.sql] 6: , exec 38 ms
2023-06-08 22:34:15,465 DEBUG [mondrian.sql] 6: , exec+fetch 39 ms, 1 rows
2023-06-08 22:34:15,465 DEBUG [mondrian.sql] 7: SqlStatisticsProvider.getQueryCardinality: executing sql [
select count(*) from (select distinct
    "CUSTOMER_AS_OF"."SALESORG_ID" as "c0"
from
    (select * from WSA994_CUSTOMER where to_date('2015-05-28','yyyy-MM-dd') between VALID_FROM and VALID_TO) "CUSTOMER_AS_OF")]
2023-06-08 22:34:15,503 DEBUG [mondrian.sql] 7: , exec 37 ms
2023-06-08 22:34:15,503 DEBUG [mondrian.sql] 7: , exec+fetch 38 ms, 1 rows
2023-06-08 22:34:15,503 DEBUG [mondrian.sql] 8: SqlStatisticsProvider.getQueryCardinality: executing sql [
select count(*) from (select distinct
    "CUSTOMER_AS_OF"."CITY_DESC" as "c0"
from
    (select * from WSA994_CUSTOMER where to_date('2015-05-28','yyyy-MM-dd') between VALID_FROM and VALID_TO) "CUSTOMER_AS_OF")]
2023-06-08 22:34:15,540 DEBUG [mondrian.sql] 8: , exec 37 ms
2023-06-08 22:34:15,541 DEBUG [mondrian.sql] 8: , exec+fetch 38 ms, 1 rows
2023-06-08 22:34:15,548 DEBUG [mondrian.sql] 9: Segment.load: executing sql [
select
    "CUSTOMER_AS_OF"."COUNTRY_ID" as "c0",
    "CUSTOMER_AS_OF"."SALESORG_ID" as "c1",
    "CUSTOMER_AS_OF"."CITY_DESC" as "c2",
    sum("WSA994_FACTTABLE"."FT_REVENUEUSD") as "m0",
    sum("WSA994_FACTTABLE"."FT_DISCOUNTUSD") as "m1",
    sum("WSA994_FACTTABLE"."FT_COGMUSD") as "m2",
    sum("WSA994_FACTTABLE"."FT_SALESQUANTITY") as "m3",
    sum("WSA994_FACTTABLE"."FT_NOOFSALESORDERS") as "m4",
    sum("WSA994_FACTTABLE"."FT_NETSALESUSD") as "m5",
    sum("WSA994_FACTTABLE"."FT_REVENUEEUR") as "m6"
from
    (select * from WSA994_CUSTOMER where to_date('2015-05-28','yyyy-MM-dd') between VALID_FROM and VALID_TO) "CUSTOMER_AS_OF",
    "DB_2631075"."WSA994_FACTTABLE" "WSA994_FACTTABLE"
where
    "WSA994_FACTTABLE"."FT_CUSTOMER_ID" = "CUSTOMER_AS_OF"."CUSTOMER_ID"
group by
    "CUSTOMER_AS_OF"."COUNTRY_ID",
    "CUSTOMER_AS_OF"."SALESORG_ID",
    "CUSTOMER_AS_OF"."CITY_DESC"]
2023-06-08 22:34:15,643 DEBUG [mondrian.sql] 9: , exec 94 ms
2023-06-08 22:34:15,717 DEBUG [mondrian.sql] 9: , exec+fetch 168 ms, 23 rows
2023-06-08 22:34:16,284 DEBUG [mondrian.sql] 10: SqlTupleReader.readTuples [[Customer.CUSTOMER_AS_OF].[SalesOrg_AS_OF]]: executing sql [
select
    "CUSTOMER_AS_OF"."COUNTRY_ID" as "c0",
    "CUSTOMER_AS_OF"."SALESORG_ID" as "c1",
    "CUSTOMER_AS_OF"."SALESORG_DESC" as "c2"
from
    (select * from WSA994_CUSTOMER where to_date('2015-05-28','yyyy-MM-dd') between VALID_FROM and VALID_TO) "CUSTOMER_AS_OF"
group by
    "CUSTOMER_AS_OF"."COUNTRY_ID",
    "CUSTOMER_AS_OF"."SALESORG_ID",
    "CUSTOMER_AS_OF"."SALESORG_DESC"
order by
    "CUSTOMER_AS_OF"."COUNTRY_ID" ASC NULLS LAST,
    "CUSTOMER_AS_OF"."SALESORG_ID" ASC NULLS LAST]
2023-06-08 22:34:16,323 DEBUG [mondrian.sql] 10: , exec 38 ms
2023-06-08 22:34:16,324 DEBUG [mondrian.sql] 10: , exec+fetch 40 ms, 3 rows
2023-06-08 22:34:16,721 DEBUG [mondrian.sql] 11: SqlTupleReader.readTuples [[Customer.CUSTOMER_AS_OF].[Country_AS_OF]]: executing sql [
select
    "CUSTOMER_AS_OF"."COUNTRY_ID" as "c0"
from
    (select * from WSA994_CUSTOMER where to_date('2015-05-28','yyyy-MM-dd') between VALID_FROM and VALID_TO) "CUSTOMER_AS_OF"
group by
    "CUSTOMER_AS_OF"."COUNTRY_ID"
order by
    "CUSTOMER_AS_OF"."COUNTRY_ID" ASC NULLS LAST]
2023-06-08 22:34:16,760 DEBUG [mondrian.sql] 11: , exec 38 ms
2023-06-08 22:34:16,760 DEBUG [mondrian.sql] 11: , exec+fetch 39 ms, 2 rows
2023-06-08 22:35:16,787 DEBUG [mondrian.sql] 12: SqlTupleReader.readTuples [[Customer.CUSTOMER_AS_IS].[Customer_AS_IS]]: executing sql [
select
    "CUSTOMER_AS_IS"."COUNTRY_ID" as "c0",
    "CUSTOMER_AS_IS"."SALESORG_ID" as "c1",
    "CUSTOMER_AS_IS"."SALESORG_DESC" as "c2",
    "CUSTOMER_AS_IS"."CITY_DESC" as "c3",
    "CUSTOMER_AS_IS"."CUSTOMER_ID" as "c4",
    "CUSTOMER_AS_IS"."CUSTOMER_DESC" as "c5"
from
    (select * from WSA994_CUSTOMER where CURRENT_DATE between VALID_FROM and VALID_TO) "CUSTOMER_AS_IS"
group by
    "CUSTOMER_AS_IS"."COUNTRY_ID",
    "CUSTOMER_AS_IS"."SALESORG_ID",
    "CUSTOMER_AS_IS"."SALESORG_DESC",
    "CUSTOMER_AS_IS"."CITY_DESC",
    "CUSTOMER_AS_IS"."CUSTOMER_ID",
    "CUSTOMER_AS_IS"."CUSTOMER_DESC"
order by
    "CUSTOMER_AS_IS"."COUNTRY_ID" ASC NULLS LAST,
    "CUSTOMER_AS_IS"."SALESORG_ID" ASC NULLS LAST,
    "CUSTOMER_AS_IS"."CITY_DESC" ASC NULLS LAST,
    "CUSTOMER_AS_IS"."CUSTOMER_ID" ASC NULLS LAST]
2023-06-08 22:35:16,834 DEBUG [mondrian.sql] 12: , exec 46 ms
2023-06-08 22:35:16,909 DEBUG [mondrian.sql] 12: , exec+fetch 122 ms, 24 rows
2023-06-08 22:35:16,911 DEBUG [mondrian.sql] 13: SqlStatisticsProvider.getQueryCardinality: executing sql [
select count(*) from (select distinct
    "CUSTOMER_AS_IS"."CUSTOMER_ID" as "c0"
from
    (select * from WSA994_CUSTOMER where CURRENT_DATE between VALID_FROM and VALID_TO) "CUSTOMER_AS_IS")]
2023-06-08 22:35:16,952 DEBUG [mondrian.sql] 13: , exec 41 ms
2023-06-08 22:35:16,953 DEBUG [mondrian.sql] 13: , exec+fetch 42 ms, 1 rows
2023-06-08 22:35:16,957 DEBUG [mondrian.sql] 14: Segment.load: executing sql [
select
    "AGG_WSA994_FACTTABLE"."AGG_CUSTOMER_ID" as "c0",
    sum("AGG_WSA994_FACTTABLE"."AGG_REVENUEUSD") as "m0",
    sum("AGG_WSA994_FACTTABLE"."AGG_DISCOUNTUSD") as "m1",
    sum("AGG_WSA994_FACTTABLE"."AGG_COGMUSD") as "m2",
    sum("AGG_WSA994_FACTTABLE"."AGG_SALESQUANTITY") as "m3",
    sum("AGG_WSA994_FACTTABLE"."AGG_NOOFSALESORDERS") as "m4",
    sum("AGG_WSA994_FACTTABLE"."AGG_NETSALESUSD") as "m5",
    sum("AGG_WSA994_FACTTABLE"."AGG_REVENUEEUR") as "m6"
from
    "DB_2631075"."AGG_WSA994_FACTTABLE" "AGG_WSA994_FACTTABLE"
group by
    "AGG_WSA994_FACTTABLE"."AGG_CUSTOMER_ID"]
2023-06-08 22:35:17,004 DEBUG [mondrian.sql] 14: , exec 47 ms
2023-06-08 22:35:17,078 DEBUG [mondrian.sql] 14: , exec+fetch 120 ms, 24 rows
2023-06-08 22:35:17,500 DEBUG [mondrian.sql] 15: SqlTupleReader.readTuples [[Customer.CUSTOMER_AS_IS].[City_AS_IS]]: executing sql [
select
    "CUSTOMER_AS_IS"."COUNTRY_ID" as "c0",
    "CUSTOMER_AS_IS"."SALESORG_ID" as "c1",
    "CUSTOMER_AS_IS"."SALESORG_DESC" as "c2",
    "CUSTOMER_AS_IS"."CITY_DESC" as "c3"
from
    (select * from WSA994_CUSTOMER where CURRENT_DATE between VALID_FROM and VALID_TO) "CUSTOMER_AS_IS"
group by
    "CUSTOMER_AS_IS"."COUNTRY_ID",
    "CUSTOMER_AS_IS"."SALESORG_ID",
    "CUSTOMER_AS_IS"."SALESORG_DESC",
    "CUSTOMER_AS_IS"."CITY_DESC"
order by
    "CUSTOMER_AS_IS"."COUNTRY_ID" ASC NULLS LAST,
    "CUSTOMER_AS_IS"."SALESORG_ID" ASC NULLS LAST,
    "CUSTOMER_AS_IS"."CITY_DESC" ASC NULLS LAST]
2023-06-08 22:35:17,546 DEBUG [mondrian.sql] 15: , exec 46 ms
2023-06-08 22:35:17,620 DEBUG [mondrian.sql] 15: , exec+fetch 120 ms, 23 rows
2023-06-08 22:35:17,622 DEBUG [mondrian.sql] 16: SqlStatisticsProvider.getQueryCardinality: executing sql [
select count(*) from (select distinct
    "CUSTOMER_AS_IS"."COUNTRY_ID" as "c0"
from
    (select * from WSA994_CUSTOMER where CURRENT_DATE between VALID_FROM and VALID_TO) "CUSTOMER_AS_IS")]
2023-06-08 22:35:17,659 DEBUG [mondrian.sql] 16: , exec 37 ms
2023-06-08 22:35:17,660 DEBUG [mondrian.sql] 16: , exec+fetch 38 ms, 1 rows
2023-06-08 22:35:17,660 DEBUG [mondrian.sql] 17: SqlStatisticsProvider.getQueryCardinality: executing sql [
select count(*) from (select distinct
    "CUSTOMER_AS_IS"."SALESORG_ID" as "c0"
from
    (select * from WSA994_CUSTOMER where CURRENT_DATE between VALID_FROM and VALID_TO) "CUSTOMER_AS_IS")]
2023-06-08 22:35:17,700 DEBUG [mondrian.sql] 17: , exec 39 ms
2023-06-08 22:35:17,700 DEBUG [mondrian.sql] 17: , exec+fetch 40 ms, 1 rows
2023-06-08 22:35:17,700 DEBUG [mondrian.sql] 18: SqlStatisticsProvider.getQueryCardinality: executing sql [
select count(*) from (select distinct
    "CUSTOMER_AS_IS"."CITY_DESC" as "c0"
from
    (select * from WSA994_CUSTOMER where CURRENT_DATE between VALID_FROM and VALID_TO) "CUSTOMER_AS_IS")]
2023-06-08 22:35:17,743 DEBUG [mondrian.sql] 18: , exec 42 ms
2023-06-08 22:35:17,743 DEBUG [mondrian.sql] 18: , exec+fetch 43 ms, 1 rows
2023-06-08 22:35:17,746 DEBUG [mondrian.sql] 19: Segment.load: executing sql [
select
    "CUSTOMER_AS_IS"."COUNTRY_ID" as "c0",
    "CUSTOMER_AS_IS"."SALESORG_ID" as "c1",
    "CUSTOMER_AS_IS"."CITY_DESC" as "c2",
    sum("AGG_WSA994_FACTTABLE"."AGG_REVENUEUSD") as "m0",
    sum("AGG_WSA994_FACTTABLE"."AGG_DISCOUNTUSD") as "m1",
    sum("AGG_WSA994_FACTTABLE"."AGG_COGMUSD") as "m2",
    sum("AGG_WSA994_FACTTABLE"."AGG_SALESQUANTITY") as "m3",
    sum("AGG_WSA994_FACTTABLE"."AGG_NOOFSALESORDERS") as "m4",
    sum("AGG_WSA994_FACTTABLE"."AGG_NETSALESUSD") as "m5",
    sum("AGG_WSA994_FACTTABLE"."AGG_REVENUEEUR") as "m6"
from
    (select * from WSA994_CUSTOMER where CURRENT_DATE between VALID_FROM and VALID_TO) "CUSTOMER_AS_IS",
    "DB_2631075"."AGG_WSA994_FACTTABLE" "AGG_WSA994_FACTTABLE"
where
    "AGG_WSA994_FACTTABLE"."AGG_CUSTOMER_ID" = "CUSTOMER_AS_IS"."CUSTOMER_ID"
group by
    "CUSTOMER_AS_IS"."COUNTRY_ID",
    "CUSTOMER_AS_IS"."SALESORG_ID",
    "CUSTOMER_AS_IS"."CITY_DESC"]
2023-06-08 22:35:17,802 DEBUG [mondrian.sql] 19: , exec 55 ms
2023-06-08 22:35:17,877 DEBUG [mondrian.sql] 19: , exec+fetch 130 ms, 23 rows
2023-06-08 22:35:18,134 DEBUG [mondrian.sql] 20: SqlTupleReader.readTuples [[Customer.CUSTOMER_AS_IS].[SalesOrg_AS_IS]]: executing sql [
select
    "CUSTOMER_AS_IS"."COUNTRY_ID" as "c0",
    "CUSTOMER_AS_IS"."SALESORG_ID" as "c1",
    "CUSTOMER_AS_IS"."SALESORG_DESC" as "c2"
from
    (select * from WSA994_CUSTOMER where CURRENT_DATE between VALID_FROM and VALID_TO) "CUSTOMER_AS_IS"
group by
    "CUSTOMER_AS_IS"."COUNTRY_ID",
    "CUSTOMER_AS_IS"."SALESORG_ID",
    "CUSTOMER_AS_IS"."SALESORG_DESC"
order by
    "CUSTOMER_AS_IS"."COUNTRY_ID" ASC NULLS LAST,
    "CUSTOMER_AS_IS"."SALESORG_ID" ASC NULLS LAST]
2023-06-08 22:35:18,181 DEBUG [mondrian.sql] 20: , exec 46 ms
2023-06-08 22:35:18,181 DEBUG [mondrian.sql] 20: , exec+fetch 47 ms, 4 rows
2023-06-08 22:35:18,761 DEBUG [mondrian.sql] 21: SqlTupleReader.readTuples [[Customer.CUSTOMER_AS_IS].[Country_AS_IS]]: executing sql [
select
    "CUSTOMER_AS_IS"."COUNTRY_ID" as "c0"
from
    (select * from WSA994_CUSTOMER where CURRENT_DATE between VALID_FROM and VALID_TO) "CUSTOMER_AS_IS"
group by
    "CUSTOMER_AS_IS"."COUNTRY_ID"
order by
    "CUSTOMER_AS_IS"."COUNTRY_ID" ASC NULLS LAST]
2023-06-08 22:35:18,800 DEBUG [mondrian.sql] 21: , exec 38 ms
2023-06-08 22:35:18,800 DEBUG [mondrian.sql] 21: , exec+fetch 39 ms, 2 rows
2023-06-08 22:47:25,133 DEBUG [mondrian.sql] 22: SqlTupleReader.readTuples [[Time.TimeHierarchy].[Year]]: executing sql [
select
    extract(year from FT_TIME_ID) as "c0"
from
    "DB_2631075"."WSA994_FACTTABLE" "WSA994_FACTTABLE"
group by
    extract(year from FT_TIME_ID)
order by
    extract(year from FT_TIME_ID) ASC NULLS LAST]
2023-06-08 22:47:25,231 DEBUG [mondrian.sql] 22: , exec 97 ms
2023-06-08 22:47:25,269 DEBUG [mondrian.sql] 22: , exec+fetch 136 ms, 10 rows
2023-06-08 22:47:25,276 DEBUG [mondrian.sql] 23: SqlStatisticsProvider.getQueryCardinality: executing sql [
select count(*) from (select distinct
    extract(year from FT_TIME_ID) as "c0"
from
    "DB_2631075"."WSA994_FACTTABLE" "WSA994_FACTTABLE")]
2023-06-08 22:47:25,341 DEBUG [mondrian.sql] 23: , exec 64 ms
2023-06-08 22:47:25,341 DEBUG [mondrian.sql] 23: , exec+fetch 65 ms, 1 rows
2023-06-08 22:47:25,343 DEBUG [mondrian.sql] 24: Segment.load: executing sql [
select
    "AGG_WSA994_FACTTABLE"."AGG_YEAR" as "c0",
    sum("AGG_WSA994_FACTTABLE"."AGG_REVENUEUSD") as "m0",
    sum("AGG_WSA994_FACTTABLE"."AGG_DISCOUNTUSD") as "m1",
    sum("AGG_WSA994_FACTTABLE"."AGG_COGMUSD") as "m2",
    sum("AGG_WSA994_FACTTABLE"."AGG_SALESQUANTITY") as "m3",
    sum("AGG_WSA994_FACTTABLE"."AGG_NOOFSALESORDERS") as "m4",
    sum("AGG_WSA994_FACTTABLE"."AGG_NETSALESUSD") as "m5",
    sum("AGG_WSA994_FACTTABLE"."AGG_REVENUEEUR") as "m6"
from
    "DB_2631075"."AGG_WSA994_FACTTABLE" "AGG_WSA994_FACTTABLE"
group by
    "AGG_WSA994_FACTTABLE"."AGG_YEAR"]
2023-06-08 22:47:25,393 DEBUG [mondrian.sql] 24: , exec 50 ms
2023-06-08 22:47:25,432 DEBUG [mondrian.sql] 24: , exec+fetch 88 ms, 10 rows
2023-06-08 22:47:26,453 DEBUG [mondrian.sql] 25: SqlTupleReader.readTuples [[Time.TimeHierarchy].[Year], [Product.ProductHierarchy].[Division]]: executing sql [
select
    "AGG_WSA994_FACTTABLE"."AGG_YEAR" as "c0",
    "AGG_WSA994_FACTTABLE"."AGG_DIVISION_ID" as "c1",
    "WSA994_PRODUCT"."DIVISION_DESC" as "c2"
from
    "DB_2631075"."AGG_WSA994_FACTTABLE" "AGG_WSA994_FACTTABLE",
    "DB_2631075"."WSA994_PRODUCT" "WSA994_PRODUCT"
where
    "WSA994_PRODUCT"."DIVISION_ID" = "AGG_WSA994_FACTTABLE"."AGG_DIVISION_ID"
group by
    "AGG_WSA994_FACTTABLE"."AGG_YEAR",
    "AGG_WSA994_FACTTABLE"."AGG_DIVISION_ID",
    "WSA994_PRODUCT"."DIVISION_DESC"
order by
    "AGG_WSA994_FACTTABLE"."AGG_YEAR" ASC NULLS LAST,
    "AGG_WSA994_FACTTABLE"."AGG_DIVISION_ID" ASC NULLS LAST]
2023-06-08 22:47:26,499 DEBUG [mondrian.sql] 25: , exec 45 ms
2023-06-08 22:47:26,574 DEBUG [mondrian.sql] 25: , exec+fetch 121 ms, 20 rows
2023-06-08 22:47:26,579 DEBUG [mondrian.sql] 26: SqlStatisticsProvider.getColumnCardinality: executing sql [select count(distinct "DIVISION_ID") from "DB_2631075"."WSA994_PRODUCT"]
2023-06-08 22:47:26,618 DEBUG [mondrian.sql] 26: , exec 37 ms
2023-06-08 22:47:26,618 DEBUG [mondrian.sql] 26: , exec+fetch 39 ms, 1 rows
2023-06-08 22:47:26,620 DEBUG [mondrian.sql] 27: Segment.load: executing sql [
select
    "AGG_WSA994_FACTTABLE"."AGG_DIVISION_ID" as "c0",
    "AGG_WSA994_FACTTABLE"."AGG_YEAR" as "c1",
    sum("AGG_WSA994_FACTTABLE"."AGG_REVENUEUSD") as "m0",
    sum("AGG_WSA994_FACTTABLE"."AGG_DISCOUNTUSD") as "m1",
    sum("AGG_WSA994_FACTTABLE"."AGG_COGMUSD") as "m2",
    sum("AGG_WSA994_FACTTABLE"."AGG_SALESQUANTITY") as "m3",
    sum("AGG_WSA994_FACTTABLE"."AGG_NOOFSALESORDERS") as "m4",
    sum("AGG_WSA994_FACTTABLE"."AGG_NETSALESUSD") as "m5",
    sum("AGG_WSA994_FACTTABLE"."AGG_REVENUEEUR") as "m6"
from
    "DB_2631075"."AGG_WSA994_FACTTABLE" "AGG_WSA994_FACTTABLE"
group by
    "AGG_WSA994_FACTTABLE"."AGG_DIVISION_ID",
    "AGG_WSA994_FACTTABLE"."AGG_YEAR"]
2023-06-08 22:47:26,677 DEBUG [mondrian.sql] 27: , exec 57 ms
2023-06-08 22:47:26,751 DEBUG [mondrian.sql] 27: , exec+fetch 130 ms, 20 rows
2023-06-08 22:47:26,769 DEBUG [mondrian.sql] 28: Segment.load: executing sql [
select
    "AGG_WSA994_FACTTABLE"."AGG_DIVISION_ID" as "c0",
    "CUSTOMER_AS_IS"."COUNTRY_ID" as "c1",
    "AGG_WSA994_FACTTABLE"."AGG_YEAR" as "c2",
    sum("AGG_WSA994_FACTTABLE"."AGG_REVENUEUSD") as "m0",
    sum("AGG_WSA994_FACTTABLE"."AGG_DISCOUNTUSD") as "m1",
    sum("AGG_WSA994_FACTTABLE"."AGG_COGMUSD") as "m2",
    sum("AGG_WSA994_FACTTABLE"."AGG_SALESQUANTITY") as "m3",
    sum("AGG_WSA994_FACTTABLE"."AGG_NOOFSALESORDERS") as "m4",
    sum("AGG_WSA994_FACTTABLE"."AGG_NETSALESUSD") as "m5",
    sum("AGG_WSA994_FACTTABLE"."AGG_REVENUEEUR") as "m6"
from
    "DB_2631075"."AGG_WSA994_FACTTABLE" "AGG_WSA994_FACTTABLE",
    (select * from WSA994_CUSTOMER where CURRENT_DATE between VALID_FROM and VALID_TO) "CUSTOMER_AS_IS"
where
    "AGG_WSA994_FACTTABLE"."AGG_CUSTOMER_ID" = "CUSTOMER_AS_IS"."CUSTOMER_ID"
group by
    "AGG_WSA994_FACTTABLE"."AGG_DIVISION_ID",
    "CUSTOMER_AS_IS"."COUNTRY_ID",
    "AGG_WSA994_FACTTABLE"."AGG_YEAR"]
2023-06-08 22:47:26,831 DEBUG [mondrian.sql] 28: , exec 61 ms
2023-06-08 22:47:26,980 DEBUG [mondrian.sql] 28: , exec+fetch 211 ms, 40 rows
2023-06-08 22:47:28,916 DEBUG [mondrian.sql] 29: SqlTupleReader.readTuples [[Product.ProductHierarchy].[Division]]: executing sql [
select
    "WSA994_PRODUCT"."DIVISION_ID" as "c0",
    "WSA994_PRODUCT"."DIVISION_DESC" as "c1"
from
    "DB_2631075"."WSA994_PRODUCT" "WSA994_PRODUCT"
group by
    "WSA994_PRODUCT"."DIVISION_ID",
    "WSA994_PRODUCT"."DIVISION_DESC"
order by
    "WSA994_PRODUCT"."DIVISION_ID" ASC NULLS LAST]
2023-06-08 22:47:28,954 DEBUG [mondrian.sql] 29: , exec 38 ms
2023-06-08 22:47:28,955 DEBUG [mondrian.sql] 29: , exec+fetch 39 ms, 2 rows
2023-06-08 22:47:28,961 DEBUG [mondrian.sql] 30: SqlTupleReader.readTuples [[Customer.CUSTOMER_AS_IS].[Country_AS_IS], [Time.TimeHierarchy].[Year]]: executing sql [
select
    "CUSTOMER_AS_IS"."COUNTRY_ID" as "c0",
    "AGG_WSA994_FACTTABLE"."AGG_YEAR" as "c1"
from
    (select * from WSA994_CUSTOMER where CURRENT_DATE between VALID_FROM and VALID_TO) "CUSTOMER_AS_IS",
    "DB_2631075"."AGG_WSA994_FACTTABLE" "AGG_WSA994_FACTTABLE"
where
    "AGG_WSA994_FACTTABLE"."AGG_CUSTOMER_ID" = "CUSTOMER_AS_IS"."CUSTOMER_ID"
group by
    "CUSTOMER_AS_IS"."COUNTRY_ID",
    "AGG_WSA994_FACTTABLE"."AGG_YEAR"
order by
    "CUSTOMER_AS_IS"."COUNTRY_ID" ASC NULLS LAST,
    "AGG_WSA994_FACTTABLE"."AGG_YEAR" ASC NULLS LAST]
2023-06-08 22:47:29,015 DEBUG [mondrian.sql] 30: , exec 53 ms
2023-06-08 22:47:29,090 DEBUG [mondrian.sql] 30: , exec+fetch 129 ms, 20 rows
2023-06-08 22:47:32,950 DEBUG [mondrian.sql] 31: SqlTupleReader.readTuples [[Customer.CUSTOMER_AS_IS].[Country_AS_IS], [Product.ProductHierarchy].[Division], [Time.TimeHierarchy].[Year]]: executing sql [
select
    "CUSTOMER_AS_IS"."COUNTRY_ID" as "c0",
    "AGG_WSA994_FACTTABLE"."AGG_DIVISION_ID" as "c1",
    "WSA994_PRODUCT"."DIVISION_DESC" as "c2",
    "AGG_WSA994_FACTTABLE"."AGG_YEAR" as "c3"
from
    (select * from WSA994_CUSTOMER where CURRENT_DATE between VALID_FROM and VALID_TO) "CUSTOMER_AS_IS",
    "DB_2631075"."AGG_WSA994_FACTTABLE" "AGG_WSA994_FACTTABLE",
    "DB_2631075"."WSA994_PRODUCT" "WSA994_PRODUCT"
where
    "AGG_WSA994_FACTTABLE"."AGG_CUSTOMER_ID" = "CUSTOMER_AS_IS"."CUSTOMER_ID"
and
    "WSA994_PRODUCT"."DIVISION_ID" = "AGG_WSA994_FACTTABLE"."AGG_DIVISION_ID"
group by
    "CUSTOMER_AS_IS"."COUNTRY_ID",
    "AGG_WSA994_FACTTABLE"."AGG_DIVISION_ID",
    "WSA994_PRODUCT"."DIVISION_DESC",
    "AGG_WSA994_FACTTABLE"."AGG_YEAR"
order by
    "CUSTOMER_AS_IS"."COUNTRY_ID" ASC NULLS LAST,
    "AGG_WSA994_FACTTABLE"."AGG_DIVISION_ID" ASC NULLS LAST,
    "AGG_WSA994_FACTTABLE"."AGG_YEAR" ASC NULLS LAST]
2023-06-08 22:47:33,057 DEBUG [mondrian.sql] 31: , exec 106 ms
2023-06-08 22:47:33,205 DEBUG [mondrian.sql] 31: , exec+fetch 254 ms, 40 rows
2023-06-08 22:47:34,664 DEBUG [mondrian.sql] 32: SqlTupleReader.readTuples [[Customer.CUSTOMER_AS_IS].[Country_AS_IS], [Time.TimeHierarchy].[Year], [Product.ProductHierarchy].[Division]]: executing sql [
select
    "CUSTOMER_AS_IS"."COUNTRY_ID" as "c0",
    "AGG_WSA994_FACTTABLE"."AGG_YEAR" as "c1",
    "AGG_WSA994_FACTTABLE"."AGG_DIVISION_ID" as "c2",
    "WSA994_PRODUCT"."DIVISION_DESC" as "c3"
from
    (select * from WSA994_CUSTOMER where CURRENT_DATE between VALID_FROM and VALID_TO) "CUSTOMER_AS_IS",
    "DB_2631075"."AGG_WSA994_FACTTABLE" "AGG_WSA994_FACTTABLE",
    "DB_2631075"."WSA994_PRODUCT" "WSA994_PRODUCT"
where
    "AGG_WSA994_FACTTABLE"."AGG_CUSTOMER_ID" = "CUSTOMER_AS_IS"."CUSTOMER_ID"
and
    "WSA994_PRODUCT"."DIVISION_ID" = "AGG_WSA994_FACTTABLE"."AGG_DIVISION_ID"
group by
    "CUSTOMER_AS_IS"."COUNTRY_ID",
    "AGG_WSA994_FACTTABLE"."AGG_YEAR",
    "AGG_WSA994_FACTTABLE"."AGG_DIVISION_ID",
    "WSA994_PRODUCT"."DIVISION_DESC"
order by
    "CUSTOMER_AS_IS"."COUNTRY_ID" ASC NULLS LAST,
    "AGG_WSA994_FACTTABLE"."AGG_YEAR" ASC NULLS LAST,
    "AGG_WSA994_FACTTABLE"."AGG_DIVISION_ID" ASC NULLS LAST]
2023-06-08 22:47:34,768 DEBUG [mondrian.sql] 32: , exec 103 ms
2023-06-08 22:47:34,916 DEBUG [mondrian.sql] 32: , exec+fetch 251 ms, 40 rows
2023-06-08 22:47:36,181 DEBUG [mondrian.sql] 33: SqlTupleReader.readTuples [[Customer.CUSTOMER_AS_IS].[Country_AS_IS], [Time.TimeHierarchy].[Year], [Product.ProductHierarchy].[Division]]: executing sql [
select
    "CUSTOMER_AS_IS"."COUNTRY_ID" as "c0",
    "AGG_WSA994_FACTTABLE"."AGG_YEAR" as "c1",
    "AGG_WSA994_FACTTABLE"."AGG_DIVISION_ID" as "c2",
    "WSA994_PRODUCT"."DIVISION_DESC" as "c3"
from
    (select * from WSA994_CUSTOMER where CURRENT_DATE between VALID_FROM and VALID_TO) "CUSTOMER_AS_IS",
    "DB_2631075"."AGG_WSA994_FACTTABLE" "AGG_WSA994_FACTTABLE",
    "DB_2631075"."WSA994_PRODUCT" "WSA994_PRODUCT"
where
    "AGG_WSA994_FACTTABLE"."AGG_CUSTOMER_ID" = "CUSTOMER_AS_IS"."CUSTOMER_ID"
and
    "WSA994_PRODUCT"."DIVISION_ID" = "AGG_WSA994_FACTTABLE"."AGG_DIVISION_ID"
group by
    "CUSTOMER_AS_IS"."COUNTRY_ID",
    "AGG_WSA994_FACTTABLE"."AGG_YEAR",
    "AGG_WSA994_FACTTABLE"."AGG_DIVISION_ID",
    "WSA994_PRODUCT"."DIVISION_DESC"
order by
    "CUSTOMER_AS_IS"."COUNTRY_ID" ASC NULLS LAST,
    "AGG_WSA994_FACTTABLE"."AGG_YEAR" ASC NULLS LAST,
    "AGG_WSA994_FACTTABLE"."AGG_DIVISION_ID" ASC NULLS LAST]
2023-06-08 22:47:36,273 DEBUG [mondrian.sql] 33: , exec 91 ms
2023-06-08 22:47:36,421 DEBUG [mondrian.sql] 33: , exec+fetch 240 ms, 40 rows
2023-06-08 22:47:37,504 DEBUG [mondrian.sql] 34: SqlTupleReader.readTuples [[Time.TimeHierarchy].[Year], [Product.ProductHierarchy].[Division], [Customer.CUSTOMER_AS_IS].[Country_AS_IS]]: executing sql [
select
    "AGG_WSA994_FACTTABLE"."AGG_YEAR" as "c0",
    "AGG_WSA994_FACTTABLE"."AGG_DIVISION_ID" as "c1",
    "WSA994_PRODUCT"."DIVISION_DESC" as "c2",
    "CUSTOMER_AS_IS"."COUNTRY_ID" as "c3"
from
    "DB_2631075"."AGG_WSA994_FACTTABLE" "AGG_WSA994_FACTTABLE",
    "DB_2631075"."WSA994_PRODUCT" "WSA994_PRODUCT",
    (select * from WSA994_CUSTOMER where CURRENT_DATE between VALID_FROM and VALID_TO) "CUSTOMER_AS_IS"
where
    "WSA994_PRODUCT"."DIVISION_ID" = "AGG_WSA994_FACTTABLE"."AGG_DIVISION_ID"
and
    "AGG_WSA994_FACTTABLE"."AGG_CUSTOMER_ID" = "CUSTOMER_AS_IS"."CUSTOMER_ID"
group by
    "AGG_WSA994_FACTTABLE"."AGG_YEAR",
    "AGG_WSA994_FACTTABLE"."AGG_DIVISION_ID",
    "WSA994_PRODUCT"."DIVISION_DESC",
    "CUSTOMER_AS_IS"."COUNTRY_ID"
order by
    "AGG_WSA994_FACTTABLE"."AGG_YEAR" ASC NULLS LAST,
    "AGG_WSA994_FACTTABLE"."AGG_DIVISION_ID" ASC NULLS LAST,
    "CUSTOMER_AS_IS"."COUNTRY_ID" ASC NULLS LAST]
2023-06-08 22:47:37,594 DEBUG [mondrian.sql] 34: , exec 90 ms
2023-06-08 22:47:37,742 DEBUG [mondrian.sql] 34: , exec+fetch 238 ms, 40 rows
2023-06-08 22:47:44,284 DEBUG [mondrian.sql] 35: SqlTupleReader.readTuples [[Time.TimeHierarchy].[Year], [Product.ProductHierarchy].[Division], [Customer.CUSTOMER_AS_IS].[Country_AS_IS]]: executing sql [
select
    "AGG_WSA994_FACTTABLE"."AGG_YEAR" as "c0",
    "AGG_WSA994_FACTTABLE"."AGG_DIVISION_ID" as "c1",
    "WSA994_PRODUCT"."DIVISION_DESC" as "c2",
    "CUSTOMER_AS_IS"."COUNTRY_ID" as "c3"
from
    "DB_2631075"."AGG_WSA994_FACTTABLE" "AGG_WSA994_FACTTABLE",
    "DB_2631075"."WSA994_PRODUCT" "WSA994_PRODUCT",
    (select * from WSA994_CUSTOMER where CURRENT_DATE between VALID_FROM and VALID_TO) "CUSTOMER_AS_IS"
where
    "WSA994_PRODUCT"."DIVISION_ID" = "AGG_WSA994_FACTTABLE"."AGG_DIVISION_ID"
and
    "AGG_WSA994_FACTTABLE"."AGG_CUSTOMER_ID" = "CUSTOMER_AS_IS"."CUSTOMER_ID"
group by
    "AGG_WSA994_FACTTABLE"."AGG_YEAR",
    "AGG_WSA994_FACTTABLE"."AGG_DIVISION_ID",
    "WSA994_PRODUCT"."DIVISION_DESC",
    "CUSTOMER_AS_IS"."COUNTRY_ID"
order by
    "AGG_WSA994_FACTTABLE"."AGG_YEAR" ASC NULLS LAST,
    "AGG_WSA994_FACTTABLE"."AGG_DIVISION_ID" ASC NULLS LAST,
    "CUSTOMER_AS_IS"."COUNTRY_ID" ASC NULLS LAST]
2023-06-08 22:47:44,374 DEBUG [mondrian.sql] 35: , exec 90 ms
2023-06-08 22:47:44,523 DEBUG [mondrian.sql] 35: , exec+fetch 239 ms, 40 rows
2023-06-08 23:01:52,639 DEBUG [mondrian.sql] 36: SqlMemberSource.getMemberChildren: executing sql [
select
    "CUSTOMER_AS_OF"."COUNTRY_ID" as "c0"
from
    (select * from WSA994_CUSTOMER where to_date('2015-05-28','yyyy-MM-dd') between VALID_FROM and VALID_TO) "CUSTOMER_AS_OF"
group by
    "CUSTOMER_AS_OF"."COUNTRY_ID"
order by
    "CUSTOMER_AS_OF"."COUNTRY_ID" ASC NULLS LAST]
2023-06-08 23:01:52,677 DEBUG [mondrian.sql] 36: , exec 37 ms
2023-06-08 23:01:52,677 DEBUG [mondrian.sql] 36: , exec+fetch 37 ms, 2 rows
2023-06-08 23:01:52,679 DEBUG [mondrian.sql] 37: SqlMemberSource.getMemberChildren: executing sql [
select
    "CUSTOMER_AS_OF"."SALESORG_ID" as "c0",
    "CUSTOMER_AS_OF"."SALESORG_DESC" as "c1"
from
    (select * from WSA994_CUSTOMER where to_date('2015-05-28','yyyy-MM-dd') between VALID_FROM and VALID_TO) "CUSTOMER_AS_OF"
where
    ("CUSTOMER_AS_OF"."COUNTRY_ID" = 'US')
group by
    "CUSTOMER_AS_OF"."SALESORG_ID",
    "CUSTOMER_AS_OF"."SALESORG_DESC"
order by
    "CUSTOMER_AS_OF"."SALESORG_ID" ASC NULLS LAST]
2023-06-08 23:01:52,726 DEBUG [mondrian.sql] 37: , exec 46 ms
2023-06-08 23:01:52,726 DEBUG [mondrian.sql] 37: , exec+fetch 46 ms, 2 rows
