2023-04-18 12:45:07,319 WARN  [org.springframework.context.support.PropertySourcesPlaceholderConfigurer] Could not load properties from URL [file:/${ext.prop.dir}saiku-beans.properties]: \${ext.prop.dir}saiku-beans.properties (Das System kann die angegebene Datei nicht finden)
2023-04-18 12:45:08,563 INFO  [mondrian.olap.MondrianProperties] Mondrian: properties loaded from 'file:/C:/Users/snazari/AppData/Local/Temp/jetty-0_0_0_0-8080-mondrian-server_war-_-any-14422374720708911965/webapp/WEB-INF/classes/mondrian.properties'
2023-04-18 12:45:08,563 INFO  [mondrian.olap.MondrianProperties] Mondrian: loaded 0 system properties
2023-04-18 12:45:08,596 DEBUG [mondrian.rolap.agg.SegmentCacheWorker] Segment cache initialized: mondrian.rolap.cache.MemorySegmentCache
2023-04-18 12:45:08,600 DEBUG [mondrian.server.MondrianServerImpl] new MondrianServer: id=1
2023-04-18 12:45:08,611 DEBUG [mondrian.rolap.agg.SegmentCacheWorker] Segment cache initialized: mondrian.rolap.cache.MemorySegmentCache
2023-04-18 12:45:08,611 DEBUG [mondrian.server.MondrianServerImpl] new MondrianServer: id=2
2023-04-18 12:45:08,623 WARN  [org.springframework.beans.GenericTypeAwarePropertyDescriptor] Invalid JavaBean property 'jdbcUserDAO' being accessed! Ambiguous write methods found next to actually used [public void com.projecta.mondrianserver.saiku.SaikuUserService.setJdbcUserDAO(org.saiku.UserDAO)]: [public void org.saiku.service.user.UserService.setJdbcUserDAO(org.saiku.database.JdbcUserDAO)]
2023-04-18 12:45:14,733 INFO  [mondrian.rolap.RolapUtil] Mondrian: JDBC driver org.postgresql.Driver loaded successfully
2023-04-18 12:45:14,736 WARN  [mondrian.rolap.RolapUtil] Mondrian: Warning: JDBC driver sun.jdbc.odbc.JdbcOdbcDriver not found
2023-04-18 12:45:14,737 WARN  [mondrian.rolap.RolapUtil] Mondrian: Warning: JDBC driver org.hsqldb.jdbcDriver not found
2023-04-18 12:45:14,737 INFO  [mondrian.rolap.RolapUtil] Mondrian: JDBC driver oracle.jdbc.OracleDriver loaded successfully
2023-04-18 12:45:14,739 WARN  [mondrian.rolap.RolapUtil] Mondrian: Warning: JDBC driver com.mysql.jdbc.Driver not found
2023-04-18 12:45:14,763 DEBUG [mondrian.server.MondrianServerImpl] addConnection , id=2, statements=0, connections=0
2023-04-18 12:45:14,767 DEBUG [mondrian.server.monitor] ConnectionStartEvent(0)
2023-04-18 12:45:14,768 DEBUG [mondrian.server.MondrianServerImpl] addStatement , id=2, statements=0, connections=1
2023-04-18 12:45:14,769 DEBUG [mondrian.server.monitor] StatementStartEvent(0)
2023-04-18 12:45:14,799 DEBUG [mondrian.rolap.RolapSchema] Pool.get: create schema "file:/C:/Users/snazari/Downloads/mondrian/mondrianSchemaXSD.xsd" using dynamic processor
2023-04-18 12:45:14,831 DEBUG [mondrian.server.MondrianServerImpl] addConnection , id=1, statements=0, connections=0
2023-04-18 12:45:14,832 DEBUG [mondrian.server.monitor] ConnectionStartEvent(1)
2023-04-18 12:45:14,833 DEBUG [mondrian.server.MondrianServerImpl] addStatement , id=1, statements=0, connections=1
2023-04-18 12:45:14,833 DEBUG [mondrian.server.monitor] StatementStartEvent(1)
2023-04-18 12:45:15,169 DEBUG [mondrian.server.MondrianServerImpl] removeStatement , id=2, statements=1, connections=1
2023-04-18 12:45:15,171 ERROR [org.saiku.web.rest.resources.OlapDiscoverResource] org.saiku.web.rest.resources.OlapDiscoverResource
mondrian.olap.MondrianException: Mondrian Error:Internal error: Error while creating SQL connection: Jdbc=jdbc:postgresql://localhost/dwh?user=dwh&password=123abc
	at mondrian.resource.MondrianResource$_Def0.ex(MondrianResource.java:1002)
	at mondrian.olap.Util.newInternal(Util.java:2477)
	at mondrian.olap.Util.newError(Util.java:2493)
	at mondrian.rolap.RolapConnection.<init>(RolapConnection.java:243)
	at mondrian.rolap.RolapSchema.<init>(RolapSchema.java:186)
	at mondrian.rolap.RolapSchema.<init>(RolapSchema.java:214)
	at mondrian.rolap.RolapSchemaPool.createRolapSchema(RolapSchemaPool.java:294)
	at mondrian.rolap.RolapSchemaPool.getByChecksum(RolapSchemaPool.java:270)
	at mondrian.rolap.RolapSchemaPool.get(RolapSchemaPool.java:158)
	at mondrian.rolap.RolapSchemaPool.get(RolapSchemaPool.java:72)
	at mondrian.rolap.RolapConnection.<init>(RolapConnection.java:159)
	at mondrian.rolap.RolapConnection.<init>(RolapConnection.java:91)
	at mondrian.olap.DriverManager.getConnection(DriverManager.java:113)
	at mondrian.olap.DriverManager.getConnection(DriverManager.java:69)
	at mondrian.olap4j.MondrianOlap4jConnection.<init>(MondrianOlap4jConnection.java:164)
	at mondrian.olap4j.FactoryJdbc4Plus$AbstractConnection.<init>(FactoryJdbc4Plus.java:323)
	at mondrian.olap4j.FactoryJdbc41Impl$MondrianOlap4jConnectionJdbc41.<init>(FactoryJdbc41Impl.java:118)
	at mondrian.olap4j.FactoryJdbc41Impl.newConnection(FactoryJdbc41Impl.java:32)
	at mondrian.olap4j.MondrianOlap4jDriver.connect(MondrianOlap4jDriver.java:97)
	at java.sql/java.sql.DriverManager.getConnection(DriverManager.java:677)
	at java.sql/java.sql.DriverManager.getConnection(DriverManager.java:189)
	at mondrian.server.FileRepository.getConnection(FileRepository.java:241)
	at mondrian.server.FileRepository.getConnection(FileRepository.java:202)
	at mondrian.server.MondrianServerImpl.getConnection(MondrianServerImpl.java:262)
	at mondrian.server.MondrianServerImpl.getConnection(MondrianServerImpl.java:246)
	at com.projecta.mondrianserver.mondrian.MondrianConnector.getOlapConnection(MondrianConnector.java:185)
	at com.projecta.mondrianserver.mondrian.ConnectionProxy.invoke(ConnectionProxy.java:51)
	at com.sun.proxy.$Proxy76.getOlapCatalogs(Unknown Source)
	at org.saiku.olap.discover.OlapMetaExplorer.getConnection(OlapMetaExplorer.java:61)
	at org.saiku.olap.discover.OlapMetaExplorer.getAllConnections(OlapMetaExplorer.java:120)
	at org.saiku.service.olap.OlapDiscoverService.getAllConnections(OlapDiscoverService.java:58)
	at org.saiku.web.rest.resources.OlapDiscoverResource.getConnections(OlapDiscoverResource.java:60)
	at java.base/jdk.internal.reflect.NativeMethodAccessorImpl.invoke0(Native Method)
	at java.base/jdk.internal.reflect.NativeMethodAccessorImpl.invoke(NativeMethodAccessorImpl.java:62)
	at java.base/jdk.internal.reflect.DelegatingMethodAccessorImpl.invoke(DelegatingMethodAccessorImpl.java:43)
	at java.base/java.lang.reflect.Method.invoke(Method.java:566)
	at com.sun.jersey.spi.container.JavaMethodInvokerFactory$1.invoke(JavaMethodInvokerFactory.java:60)
	at com.sun.jersey.server.impl.model.method.dispatch.AbstractResourceMethodDispatchProvider$TypeOutInvoker._dispatch(AbstractResourceMethodDispatchProvider.java:185)
	at com.sun.jersey.server.impl.model.method.dispatch.ResourceJavaMethodDispatcher.dispatch(ResourceJavaMethodDispatcher.java:75)
	at com.sun.jersey.server.impl.uri.rules.HttpMethodRule.accept(HttpMethodRule.java:302)
	at com.sun.jersey.server.impl.uri.rules.ResourceClassRule.accept(ResourceClassRule.java:108)
	at com.sun.jersey.server.impl.uri.rules.RightHandPathRule.accept(RightHandPathRule.java:147)
	at com.sun.jersey.server.impl.uri.rules.RootResourceClassesRule.accept(RootResourceClassesRule.java:84)
	at com.sun.jersey.server.impl.application.WebApplicationImpl._handleRequest(WebApplicationImpl.java:1542)
	at com.sun.jersey.server.impl.application.WebApplicationImpl._handleRequest(WebApplicationImpl.java:1473)
	at com.sun.jersey.server.impl.application.WebApplicationImpl.handleRequest(WebApplicationImpl.java:1419)
	at com.sun.jersey.server.impl.application.WebApplicationImpl.handleRequest(WebApplicationImpl.java:1409)
	at com.sun.jersey.spi.container.servlet.WebComponent.service(WebComponent.java:409)
	at com.sun.jersey.spi.container.servlet.ServletContainer.service(ServletContainer.java:558)
	at com.sun.jersey.spi.container.servlet.ServletContainer.service(ServletContainer.java:733)
	at javax.servlet.http.HttpServlet.service(HttpServlet.java:790)
	at org.eclipse.jetty.servlet.ServletHolder$NotAsync.service(ServletHolder.java:1459)
	at org.eclipse.jetty.servlet.ServletHolder.handle(ServletHolder.java:799)
	at org.eclipse.jetty.servlet.ServletHandler$ChainEnd.doFilter(ServletHandler.java:1631)
	at com.projecta.mondrianserver.security.SecurityFilter.doFilter(SecurityFilter.java:83)
	at org.eclipse.jetty.servlet.FilterHolder.doFilter(FilterHolder.java:201)
	at org.eclipse.jetty.servlet.ServletHandler$Chain.doFilter(ServletHandler.java:1601)
	at org.eclipse.jetty.servlet.ServletHandler.doHandle(ServletHandler.java:548)
	at org.eclipse.jetty.server.handler.ScopedHandler.handle(ScopedHandler.java:143)
	at org.eclipse.jetty.security.SecurityHandler.handle(SecurityHandler.java:600)
	at org.eclipse.jetty.server.handler.HandlerWrapper.handle(HandlerWrapper.java:127)
	at org.eclipse.jetty.server.handler.ScopedHandler.nextHandle(ScopedHandler.java:235)
	at org.eclipse.jetty.server.session.SessionHandler.doHandle(SessionHandler.java:1624)
	at org.eclipse.jetty.server.handler.ScopedHandler.nextHandle(ScopedHandler.java:233)
	at org.eclipse.jetty.server.handler.ContextHandler.doHandle(ContextHandler.java:1440)
	at org.eclipse.jetty.server.handler.ScopedHandler.nextScope(ScopedHandler.java:188)
	at org.eclipse.jetty.servlet.ServletHandler.doScope(ServletHandler.java:501)
	at org.eclipse.jetty.server.session.SessionHandler.doScope(SessionHandler.java:1594)
	at org.eclipse.jetty.server.handler.ScopedHandler.nextScope(ScopedHandler.java:186)
	at org.eclipse.jetty.server.handler.ContextHandler.doScope(ContextHandler.java:1355)
	at org.eclipse.jetty.server.handler.ScopedHandler.handle(ScopedHandler.java:141)
	at org.eclipse.jetty.server.handler.ContextHandlerCollection.handle(ContextHandlerCollection.java:191)
	at org.eclipse.jetty.server.handler.HandlerCollection.handle(HandlerCollection.java:146)
	at org.eclipse.jetty.server.handler.HandlerWrapper.handle(HandlerWrapper.java:127)
	at org.eclipse.jetty.server.Server.handle(Server.java:516)
	at org.eclipse.jetty.server.HttpChannel.lambda$handle$1(HttpChannel.java:487)
	at org.eclipse.jetty.server.HttpChannel.dispatch(HttpChannel.java:732)
	at org.eclipse.jetty.server.HttpChannel.handle(HttpChannel.java:479)
	at org.eclipse.jetty.server.HttpConnection.onFillable(HttpConnection.java:277)
	at org.eclipse.jetty.io.AbstractConnection$ReadCallback.succeeded(AbstractConnection.java:311)
	at org.eclipse.jetty.io.FillInterest.fillable(FillInterest.java:105)
	at org.eclipse.jetty.io.ChannelEndPoint$1.run(ChannelEndPoint.java:104)
	at org.eclipse.jetty.util.thread.strategy.EatWhatYouKill.runTask(EatWhatYouKill.java:338)
	at org.eclipse.jetty.util.thread.strategy.EatWhatYouKill.doProduce(EatWhatYouKill.java:315)
	at org.eclipse.jetty.util.thread.strategy.EatWhatYouKill.tryProduce(EatWhatYouKill.java:173)
	at org.eclipse.jetty.util.thread.strategy.EatWhatYouKill.run(EatWhatYouKill.java:131)
	at org.eclipse.jetty.util.thread.ReservedThreadExecutor$ReservedThread.run(ReservedThreadExecutor.java:409)
	at org.eclipse.jetty.util.thread.QueuedThreadPool.runJob(QueuedThreadPool.java:883)
	at org.eclipse.jetty.util.thread.QueuedThreadPool$Runner.run(QueuedThreadPool.java:1034)
	at java.base/java.lang.Thread.run(Thread.java:829)
Caused by: org.postgresql.util.PSQLException: FATAL: Passwort-Authentifizierung für Benutzer »dwh« fehlgeschlagen (pgjdbc: autodetected server-encoding to be ISO-8859-1, if the message is not readable, please check database logs and/or host, port, dbname, user, password, pg_hba.conf)
	at org.postgresql.core.v3.ConnectionFactoryImpl.doAuthentication(ConnectionFactoryImpl.java:514)
	at org.postgresql.core.v3.ConnectionFactoryImpl.tryConnect(ConnectionFactoryImpl.java:141)
	at org.postgresql.core.v3.ConnectionFactoryImpl.openConnectionImpl(ConnectionFactoryImpl.java:192)
	at org.postgresql.core.ConnectionFactory.openConnection(ConnectionFactory.java:49)
	at org.postgresql.jdbc.PgConnection.<init>(PgConnection.java:195)
	at org.postgresql.Driver.makeConnection(Driver.java:454)
	at org.postgresql.Driver.connect(Driver.java:256)
	at java.base/jdk.internal.reflect.NativeMethodAccessorImpl.invoke0(Native Method)
	at java.base/jdk.internal.reflect.NativeMethodAccessorImpl.invoke(NativeMethodAccessorImpl.java:62)
	at java.base/jdk.internal.reflect.DelegatingMethodAccessorImpl.invoke(DelegatingMethodAccessorImpl.java:43)
	at java.base/java.lang.reflect.Method.invoke(Method.java:566)
	at com.projecta.mondrianserver.sql.SqlProxy$DriverProxy.invoke(SqlProxy.java:91)
	at com.sun.proxy.$Proxy32.connect(Unknown Source)
	at java.sql/java.sql.DriverManager.getConnection(DriverManager.java:677)
	at java.sql/java.sql.DriverManager.getConnection(DriverManager.java:189)
	at org.apache.commons.dbcp.DriverManagerConnectionFactory.createConnection(DriverManagerConnectionFactory.java:78)
	at org.apache.commons.dbcp.PoolableConnectionFactory.makeObject(PoolableConnectionFactory.java:582)
	at org.apache.commons.pool.impl.GenericObjectPool.borrowObject(GenericObjectPool.java:1148)
	at org.apache.commons.dbcp.PoolingDataSource.getConnection(PoolingDataSource.java:106)
	at mondrian.rolap.RolapConnection.<init>(RolapConnection.java:225)
	... 86 more
2023-04-18 12:45:15,169 DEBUG [mondrian.server.monitor] StatementInfo{statementId=0, executeStartCount=0, executeEndCount=0, phaseCount=0, cellCacheRequestCount=0, cellCacheHitCount=0, cellCacheMissCount=0, cellCachePendingCount=0, sqlStatementStartCount=0, sqlStatementExecuteCount=0, sqlStatementEndCount=0, sqlStatementRowFetchCount=0, sqlStatementExecuteNanos=0, cellRequestCount=0}
2023-04-18 12:45:15,176 DEBUG [mondrian.server.monitor] StatementEndEvent(0)
2023-04-18 12:45:39,395 ERROR [org.saiku.web.core.SecurityAwareConnectionManager] Error destroying connections
mondrian.olap.MondrianException: Mondrian Error:Server already shutdown.
	at mondrian.server.MondrianServerImpl.getConnection(MondrianServerImpl.java:244)
	at com.projecta.mondrianserver.mondrian.MondrianConnector.getOlapConnection(MondrianConnector.java:185)
	at com.projecta.mondrianserver.mondrian.ConnectionProxy.invoke(ConnectionProxy.java:51)
	at com.sun.proxy.$Proxy76.isClosed(Unknown Source)
	at org.saiku.web.core.SecurityAwareConnectionManager.destroy(SecurityAwareConnectionManager.java:75)
	at java.base/jdk.internal.reflect.NativeMethodAccessorImpl.invoke0(Native Method)
	at java.base/jdk.internal.reflect.NativeMethodAccessorImpl.invoke(NativeMethodAccessorImpl.java:62)
	at java.base/jdk.internal.reflect.DelegatingMethodAccessorImpl.invoke(DelegatingMethodAccessorImpl.java:43)
	at java.base/java.lang.reflect.Method.invoke(Method.java:566)
	at org.springframework.beans.factory.support.DisposableBeanAdapter.invokeCustomDestroyMethod(DisposableBeanAdapter.java:350)
	at org.springframework.beans.factory.support.DisposableBeanAdapter.destroy(DisposableBeanAdapter.java:273)
	at org.springframework.beans.factory.support.DefaultSingletonBeanRegistry.destroyBean(DefaultSingletonBeanRegistry.java:578)
	at org.springframework.beans.factory.support.DefaultSingletonBeanRegistry.destroySingleton(DefaultSingletonBeanRegistry.java:554)
	at org.springframework.beans.factory.support.DefaultListableBeanFactory.destroySingleton(DefaultListableBeanFactory.java:900)
	at org.springframework.beans.factory.support.DefaultSingletonBeanRegistry.destroySingletons(DefaultSingletonBeanRegistry.java:523)
	at org.springframework.beans.factory.support.DefaultListableBeanFactory.destroySingletons(DefaultListableBeanFactory.java:907)
	at org.springframework.context.support.AbstractApplicationContext.destroyBeans(AbstractApplicationContext.java:908)
	at org.springframework.context.support.AbstractApplicationContext.doClose(AbstractApplicationContext.java:884)
	at org.springframework.context.support.AbstractApplicationContext.close(AbstractApplicationContext.java:836)
	at org.springframework.web.context.ContextLoader.closeWebApplicationContext(ContextLoader.java:579)
	at org.springframework.web.context.ContextLoaderListener.contextDestroyed(ContextLoaderListener.java:115)
	at org.eclipse.jetty.server.handler.ContextHandler.callContextDestroyed(ContextHandler.java:1080)
	at org.eclipse.jetty.servlet.ServletContextHandler.callContextDestroyed(ServletContextHandler.java:584)
	at org.eclipse.jetty.server.handler.ContextHandler.contextDestroyed(ContextHandler.java:1043)
	at org.eclipse.jetty.servlet.ServletHandler.doStop(ServletHandler.java:319)
	at org.eclipse.jetty.util.component.AbstractLifeCycle.stop(AbstractLifeCycle.java:94)
	at org.eclipse.jetty.util.component.ContainerLifeCycle.stop(ContainerLifeCycle.java:180)
	at org.eclipse.jetty.util.component.ContainerLifeCycle.doStop(ContainerLifeCycle.java:201)
	at org.eclipse.jetty.server.handler.AbstractHandler.doStop(AbstractHandler.java:108)
	at org.eclipse.jetty.security.SecurityHandler.doStop(SecurityHandler.java:430)
	at org.eclipse.jetty.security.ConstraintSecurityHandler.doStop(ConstraintSecurityHandler.java:423)
	at org.eclipse.jetty.util.component.AbstractLifeCycle.stop(AbstractLifeCycle.java:94)
	at org.eclipse.jetty.util.component.ContainerLifeCycle.stop(ContainerLifeCycle.java:180)
	at org.eclipse.jetty.util.component.ContainerLifeCycle.doStop(ContainerLifeCycle.java:201)
	at org.eclipse.jetty.server.handler.AbstractHandler.doStop(AbstractHandler.java:108)
	at org.eclipse.jetty.server.session.SessionHandler.doStop(SessionHandler.java:520)
	at org.eclipse.jetty.util.component.AbstractLifeCycle.stop(AbstractLifeCycle.java:94)
	at org.eclipse.jetty.util.component.ContainerLifeCycle.stop(ContainerLifeCycle.java:180)
	at org.eclipse.jetty.util.component.ContainerLifeCycle.doStop(ContainerLifeCycle.java:201)
	at org.eclipse.jetty.server.handler.AbstractHandler.doStop(AbstractHandler.java:108)
	at org.eclipse.jetty.server.handler.ContextHandler.stopContext(ContextHandler.java:1066)
	at org.eclipse.jetty.servlet.ServletContextHandler.stopContext(ServletContextHandler.java:386)
	at org.eclipse.jetty.webapp.WebAppContext.stopWebapp(WebAppContext.java:1454)
	at org.eclipse.jetty.webapp.WebAppContext.stopContext(WebAppContext.java:1420)
	at org.eclipse.jetty.server.handler.ContextHandler.doStop(ContextHandler.java:1120)
	at org.eclipse.jetty.servlet.ServletContextHandler.doStop(ServletContextHandler.java:297)
	at org.eclipse.jetty.webapp.WebAppContext.doStop(WebAppContext.java:547)
	at org.eclipse.jetty.util.component.AbstractLifeCycle.stop(AbstractLifeCycle.java:94)
	at org.eclipse.jetty.util.component.ContainerLifeCycle.stop(ContainerLifeCycle.java:180)
	at org.eclipse.jetty.util.component.ContainerLifeCycle.doStop(ContainerLifeCycle.java:201)
	at org.eclipse.jetty.server.handler.AbstractHandler.doStop(AbstractHandler.java:108)
	at org.eclipse.jetty.util.component.AbstractLifeCycle.stop(AbstractLifeCycle.java:94)
	at org.eclipse.jetty.util.component.ContainerLifeCycle.stop(ContainerLifeCycle.java:180)
	at org.eclipse.jetty.util.component.ContainerLifeCycle.doStop(ContainerLifeCycle.java:201)
	at org.eclipse.jetty.server.handler.AbstractHandler.doStop(AbstractHandler.java:108)
	at org.eclipse.jetty.util.component.AbstractLifeCycle.stop(AbstractLifeCycle.java:94)
	at org.eclipse.jetty.util.component.ContainerLifeCycle.stop(ContainerLifeCycle.java:180)
	at org.eclipse.jetty.util.component.ContainerLifeCycle.doStop(ContainerLifeCycle.java:201)
	at org.eclipse.jetty.server.handler.AbstractHandler.doStop(AbstractHandler.java:108)
	at org.eclipse.jetty.server.Server.doStop(Server.java:470)
	at org.eclipse.jetty.util.component.AbstractLifeCycle.stop(AbstractLifeCycle.java:94)
	at org.eclipse.jetty.util.thread.ShutdownThread.run(ShutdownThread.java:133)
